2024.06.16 20:32:57 WARN  Flyway upgrade recommended: H2 2.2.224 is newer than this version of Flyway and support has not been tested. The latest supported version of H2 is 2.2.220.
2024.06.16 20:32:57 INFO  no build target found for D:\UCSC\Year 2\Semester 1\Functional Programming\Scala\hello-world\src\main\scala\DiskAreaCalculator.scala. Using presentation compiler with project's scala-library version: 3.3.3
2024.06.16 20:32:59 WARN  Could not find semantic tokens for: file:///D:/UCSC/Year%202/Semester%201/Functional%20Programming/Scala/hello-world/src/main/scala/DiskAreaCalculator.scala
2024.06.16 20:33:07 WARN  no build target for: D:\UCSC\Year 2\Semester 1\Functional Programming\Scala\hello-world\src\main\scala\DiskAreaCalculator.scala
2024.06.16 20:33:08 INFO  no build target found for D:\UCSC\Year 2\Semester 1\Functional Programming\Scala\hello-world\src\main\scala\DiskAreaCalculator.scala. Using presentation compiler with project's scala-library version: 3.3.3
2024.06.16 20:33:07 INFO  no build target found for D:\UCSC\Year 2\Semester 1\Functional Programming\Scala\hello-world\src\main\scala\DiskAreaCalculator.scala. Using presentation compiler with project's scala-library version: 3.3.3
2024.06.16 20:33:21 INFO  no build target found for D:\UCSC\Year 2\Semester 1\Functional Programming\Scala\hello-world\src\main\scala\DiskAreaCalculator.scala. Using presentation compiler with project's scala-library version: 3.3.3
2024.06.16 20:55:01 INFO  Shutting down server
2024.06.16 20:55:01 INFO  shutting down Metals
2024.06.16 20:55:01 INFO  Exiting server
2024.06.16 20:58:50 INFO  Started: Metals version 1.3.1 in folders 'D:\UCSC\Year 2\Semester 1\Functional Programming\Scala' for client Visual Studio Code 1.90.1.
SLF4J(W): Class path contains multiple SLF4J providers.
SLF4J(W): Found provider [scribe.slf4j.ScribeServiceProvider@24c704c4]
SLF4J(W): Found provider [ch.qos.logback.classic.spi.LogbackServiceProvider@5bab34e4]
SLF4J(W): See https://www.slf4j.org/codes.html#multiple_bindings for an explanation.
SLF4J(I): Actual provider is of type [scribe.slf4j.ScribeServiceProvider@24c704c4]
2024.06.16 20:58:52 WARN  Flyway upgrade recommended: H2 2.2.224 is newer than this version of Flyway and support has not been tested. The latest supported version of H2 is 2.2.220.
2024.06.16 20:58:53 INFO  no build target found for D:\UCSC\Year 2\Semester 1\Functional Programming\Scala\hello-world\src\main\scala\DiskAreaCalculator.scala. Using presentation compiler with project's scala-library version: 3.3.3
2024.06.16 20:58:59 INFO  no build target found for D:\UCSC\Year 2\Semester 1\Functional Programming\Scala\hello-world\src\main\scala\DiskAreaCalculator.scala. Using presentation compiler with project's scala-library version: 3.3.3
2024.06.16 21:01:55 INFO  no build target found for D:\UCSC\Year 2\Semester 1\Functional Programming\Scala\hello-world\src\main\scala\Main.scala. Using presentation compiler with project's scala-library version: 3.3.3
2024.06.16 21:01:55 INFO  no build target found for D:\UCSC\Year 2\Semester 1\Functional Programming\Scala\hello-world\src\main\scala\Main.scala. Using presentation compiler with project's scala-library version: 3.3.3
2024.06.16 21:02:03 INFO  no build target found for D:\UCSC\Year 2\Semester 1\Functional Programming\Scala\hello-world\src\main\scala\DiskAreaCalculator.scala. Using presentation compiler with project's scala-library version: 3.3.3
2024.06.16 21:02:31 INFO  no build target found for D:\UCSC\Year 2\Semester 1\Functional Programming\Scala\hello-world\src\ConvertTemp.scala. Using presentation compiler with project's scala-library version: 3.3.3
2024.06.16 21:02:31 INFO  no build target found for D:\UCSC\Year 2\Semester 1\Functional Programming\Scala\hello-world\src\ConvertTemp.scala. Using presentation compiler with project's scala-library version: 3.3.3
2024.06.16 21:02:31 WARN  Could not find semantic tokens for: file:///D:/UCSC/Year%202/Semester%201/Functional%20Programming/Scala/hello-world/src/ConvertTemp.scala
2024.06.16 21:02:38 INFO  no build target found for D:\UCSC\Year 2\Semester 1\Functional Programming\Scala\hello-world\src\ConvertTemp.scala. Using presentation compiler with project's scala-library version: 3.3.3
2024.06.16 21:02:38 INFO  no build target found for D:\UCSC\Year 2\Semester 1\Functional Programming\Scala\hello-world\src\ConvertTemp.scala. Using presentation compiler with project's scala-library version: 3.3.3
2024.06.16 21:02:38 WARN  no build target for: D:\UCSC\Year 2\Semester 1\Functional Programming\Scala\hello-world\src\ConvertTemp.scala
2024.06.16 21:02:38 INFO  no build target found for D:\UCSC\Year 2\Semester 1\Functional Programming\Scala\hello-world\src\ConvertTemp.scala. Using presentation compiler with project's scala-library version: 3.3.3
2024.06.16 21:03:33 INFO  no build target found for d:\UCSC\Year 2\Semester 1\Functional Programming\Scala\hello-world\src\ConvertTemp.scala. Using presentation compiler with project's scala-library version: 3.3.3
2024.06.16 21:03:33 INFO  no build target found for D:\UCSC\Year 2\Semester 1\Functional Programming\Scala\hello-world\src\main\scala\ConvertTemp.scala. Using presentation compiler with project's scala-library version: 3.3.3
2024.06.16 21:03:33 INFO  no build target found for D:\UCSC\Year 2\Semester 1\Functional Programming\Scala\hello-world\src\main\scala\ConvertTemp.scala. Using presentation compiler with project's scala-library version: 3.3.3
2024.06.16 21:09:59 INFO  no build target found for d:\UCSC\Year 2\Semester 1\Functional Programming\Scala\hello-world\src\main\scala\ConvertTemp.scala. Using presentation compiler with project's scala-library version: 3.3.3
2024.06.16 21:09:59 INFO  no build target found for D:\UCSC\Year 2\Semester 1\Functional Programming\Scala\hello-world\src\main\scala\TemperatureConverter.scala. Using presentation compiler with project's scala-library version: 3.3.3
2024.06.16 21:09:59 INFO  no build target found for D:\UCSC\Year 2\Semester 1\Functional Programming\Scala\hello-world\src\main\scala\TemperatureConverter.scala. Using presentation compiler with project's scala-library version: 3.3.3
2024.06.16 21:11:43 INFO  no build target found for D:\UCSC\Year 2\Semester 1\Functional Programming\Scala\hello-world\src\main\scala\TemperatureConverter.scala. Using presentation compiler with project's scala-library version: 3.3.3
2024.06.16 21:11:46 INFO  no build target found for D:\UCSC\Year 2\Semester 1\Functional Programming\Scala\hello-world\src\main\scala\TemperatureConverter.scala. Using presentation compiler with project's scala-library version: 3.3.3
2024.06.16 21:11:55 INFO  no build target found for D:\UCSC\Year 2\Semester 1\Functional Programming\Scala\hello-world\src\main\scala\TemperatureConverter.scala. Using presentation compiler with project's scala-library version: 3.3.3
2024.06.16 21:12:00 INFO  no build target found for D:\UCSC\Year 2\Semester 1\Functional Programming\Scala\hello-world\src\main\scala\SphereVolumeCalculator.scala. Using presentation compiler with project's scala-library version: 3.3.3
2024.06.16 21:12:00 INFO  no build target found for D:\UCSC\Year 2\Semester 1\Functional Programming\Scala\hello-world\src\main\scala\SphereVolumeCalculator.scala. Using presentation compiler with project's scala-library version: 3.3.3
2024.06.16 21:12:00 WARN  Could not find semantic tokens for: file:///D:/UCSC/Year%202/Semester%201/Functional%20Programming/Scala/hello-world/src/main/scala/SphereVolumeCalculator.scala
2024.06.16 21:12:08 INFO  no build target found for D:\UCSC\Year 2\Semester 1\Functional Programming\Scala\hello-world\src\main\scala\SphereVolumeCalculator.scala. Using presentation compiler with project's scala-library version: 3.3.3
2024.06.16 21:12:08 INFO  no build target found for D:\UCSC\Year 2\Semester 1\Functional Programming\Scala\hello-world\src\main\scala\SphereVolumeCalculator.scala. Using presentation compiler with project's scala-library version: 3.3.3
2024.06.16 21:12:09 WARN  no build target for: D:\UCSC\Year 2\Semester 1\Functional Programming\Scala\hello-world\src\main\scala\SphereVolumeCalculator.scala
2024.06.16 21:12:09 INFO  no build target found for D:\UCSC\Year 2\Semester 1\Functional Programming\Scala\hello-world\src\main\scala\SphereVolumeCalculator.scala. Using presentation compiler with project's scala-library version: 3.3.3
2024.06.16 21:13:49 INFO  no build target found for D:\UCSC\Year 2\Semester 1\Functional Programming\Scala\hello-world\src\main\scala\Main.scala. Using presentation compiler with project's scala-library version: 3.3.3
2024.06.16 21:13:53 INFO  no build target found for D:\UCSC\Year 2\Semester 1\Functional Programming\Scala\hello-world\src\main\scala\SphereVolumeCalculator.scala. Using presentation compiler with project's scala-library version: 3.3.3
2024.06.16 21:15:24 INFO  no build target found for D:\UCSC\Year 2\Semester 1\Functional Programming\Scala\hello-world\src\main\scala\BookstoreCostCalculator.scala. Using presentation compiler with project's scala-library version: 3.3.3
2024.06.16 21:15:24 INFO  no build target found for D:\UCSC\Year 2\Semester 1\Functional Programming\Scala\hello-world\src\main\scala\BookstoreCostCalculator.scala. Using presentation compiler with project's scala-library version: 3.3.3
2024.06.16 21:15:24 WARN  Could not find semantic tokens for: file:///D:/UCSC/Year%202/Semester%201/Functional%20Programming/Scala/hello-world/src/main/scala/BookstoreCostCalculator.scala
2024.06.16 21:15:36 INFO  no build target found for D:\UCSC\Year 2\Semester 1\Functional Programming\Scala\hello-world\src\main\scala\BookstoreCostCalculator.scala. Using presentation compiler with project's scala-library version: 3.3.3
2024.06.16 21:15:37 INFO  no build target found for D:\UCSC\Year 2\Semester 1\Functional Programming\Scala\hello-world\src\main\scala\BookstoreCostCalculator.scala. Using presentation compiler with project's scala-library version: 3.3.3
2024.06.16 21:15:37 WARN  no build target for: D:\UCSC\Year 2\Semester 1\Functional Programming\Scala\hello-world\src\main\scala\BookstoreCostCalculator.scala
2024.06.16 21:15:38 INFO  no build target found for D:\UCSC\Year 2\Semester 1\Functional Programming\Scala\hello-world\src\main\scala\BookstoreCostCalculator.scala. Using presentation compiler with project's scala-library version: 3.3.3
2024.06.16 21:15:42 INFO  no build target found for D:\UCSC\Year 2\Semester 1\Functional Programming\Scala\hello-world\src\main\scala\BookstoreCostCalculator.scala. Using presentation compiler with project's scala-library version: 3.3.3
2024.06.16 21:19:03 INFO  no build target found for D:\UCSC\Year 2\Semester 1\Functional Programming\Scala\hello-world\src\main\scala\RunningTimeCalculator.scala. Using presentation compiler with project's scala-library version: 3.3.3
2024.06.16 21:19:03 INFO  no build target found for D:\UCSC\Year 2\Semester 1\Functional Programming\Scala\hello-world\src\main\scala\RunningTimeCalculator.scala. Using presentation compiler with project's scala-library version: 3.3.3
2024.06.16 21:19:03 WARN  Could not find semantic tokens for: file:///D:/UCSC/Year%202/Semester%201/Functional%20Programming/Scala/hello-world/src/main/scala/RunningTimeCalculator.scala
2024.06.16 21:19:13 INFO  no build target found for D:\UCSC\Year 2\Semester 1\Functional Programming\Scala\hello-world\src\main\scala\RunningTimeCalculator.scala. Using presentation compiler with project's scala-library version: 3.3.3
2024.06.16 21:19:13 INFO  no build target found for D:\UCSC\Year 2\Semester 1\Functional Programming\Scala\hello-world\src\main\scala\RunningTimeCalculator.scala. Using presentation compiler with project's scala-library version: 3.3.3
2024.06.16 21:19:13 WARN  no build target for: D:\UCSC\Year 2\Semester 1\Functional Programming\Scala\hello-world\src\main\scala\RunningTimeCalculator.scala
2024.06.16 21:19:13 INFO  no build target found for D:\UCSC\Year 2\Semester 1\Functional Programming\Scala\hello-world\src\main\scala\RunningTimeCalculator.scala. Using presentation compiler with project's scala-library version: 3.3.3
2024.06.16 21:20:24 INFO  no build target found for d:\UCSC\Year 2\Semester 1\Functional Programming\Scala\hello-world\src\main\scala\DiskAreaCalculator.scala. Using presentation compiler with project's scala-library version: 3.3.3
2024.06.16 21:20:24 INFO  no build target found for d:\UCSC\Year 2\Semester 1\Functional Programming\Scala\hello-world\src\main\scala\TemperatureConverter.scala. Using presentation compiler with project's scala-library version: 3.3.3
2024.06.16 21:20:24 INFO  no build target found for d:\UCSC\Year 2\Semester 1\Functional Programming\Scala\hello-world\src\main\scala\SphereVolumeCalculator.scala. Using presentation compiler with project's scala-library version: 3.3.3
2024.06.16 21:20:24 INFO  no build target found for d:\UCSC\Year 2\Semester 1\Functional Programming\Scala\hello-world\src\main\scala\BookstoreCostCalculator.scala. Using presentation compiler with project's scala-library version: 3.3.3
2024.06.16 21:20:24 INFO  no build target found for d:\UCSC\Year 2\Semester 1\Functional Programming\Scala\hello-world\src\main\scala\RunningTimeCalculator.scala. Using presentation compiler with project's scala-library version: 3.3.3
2024.06.16 21:20:24 INFO  no build target found for D:\UCSC\Year 2\Semester 1\Functional Programming\Scala\Practical1\src\main\scala\DiskAreaCalculator.scala. Using presentation compiler with project's scala-library version: 3.3.3
2024.06.16 21:20:24 INFO  no build target found for D:\UCSC\Year 2\Semester 1\Functional Programming\Scala\Practical1\src\main\scala\RunningTimeCalculator.scala. Using presentation compiler with project's scala-library version: 3.3.3
2024.06.16 21:20:24 INFO  no build target found for D:\UCSC\Year 2\Semester 1\Functional Programming\Scala\Practical1\src\main\scala\BookstoreCostCalculator.scala. Using presentation compiler with project's scala-library version: 3.3.3
2024.06.16 21:20:24 INFO  no build target found for D:\UCSC\Year 2\Semester 1\Functional Programming\Scala\Practical1\src\main\scala\RunningTimeCalculator.scala. Using presentation compiler with project's scala-library version: 3.3.3
2024.06.16 21:20:24 INFO  no build target found for D:\UCSC\Year 2\Semester 1\Functional Programming\Scala\Practical1\src\main\scala\TemperatureConverter.scala. Using presentation compiler with project's scala-library version: 3.3.3
2024.06.16 21:20:24 INFO  no build target found for D:\UCSC\Year 2\Semester 1\Functional Programming\Scala\Practical1\src\main\scala\SphereVolumeCalculator.scala. Using presentation compiler with project's scala-library version: 3.3.3
Jun 16, 2024 9:22:27 PM org.eclipse.lsp4j.jsonrpc.services.GenericEndpoint notify
INFO: Unsupported notification method: $/setTrace
2024.06.16 21:23:08 INFO  Shutting down server
2024.06.16 21:23:08 INFO  shutting down Metals
2024.06.16 21:23:08 INFO  Exiting server
2024.06.16 22:03:32 INFO  Started: Metals version 1.3.1 in folders 'D:\UCSC\Year 2\Semester 1\Functional Programming\Scala' for client Visual Studio Code 1.90.1.
SLF4J(W): Class path contains multiple SLF4J providers.
SLF4J(W): Found provider [scribe.slf4j.ScribeServiceProvider@64fd905d]
SLF4J(W): Found provider [ch.qos.logback.classic.spi.LogbackServiceProvider@7fad7929]
SLF4J(W): See https://www.slf4j.org/codes.html#multiple_bindings for an explanation.
SLF4J(I): Actual provider is of type [scribe.slf4j.ScribeServiceProvider@64fd905d]
2024.06.16 22:03:35 WARN  Flyway upgrade recommended: H2 2.2.224 is newer than this version of Flyway and support has not been tested. The latest supported version of H2 is 2.2.220.
2024.06.16 22:03:36 INFO  no build target found for D:\UCSC\Year 2\Semester 1\Functional Programming\Scala\Practical1\src\main\scala\DiskAreaCalculator.scala. Using presentation compiler with project's scala-library version: 3.3.3
2024.06.16 22:04:40 INFO  no build target found for D:\UCSC\Year 2\Semester 1\Functional Programming\Scala\Practical1\src\main\scala\DiskAreaCalculator.scala. Using presentation compiler with project's scala-library version: 3.3.3
2024.06.16 22:04:42 WARN  no build target for: D:\UCSC\Year 2\Semester 1\Functional Programming\Scala\Practical1\src\main\scala\DiskAreaCalculator.scala
2024.06.16 22:04:42 INFO  no build target found for D:\UCSC\Year 2\Semester 1\Functional Programming\Scala\Practical1\src\main\scala\DiskAreaCalculator.scala. Using presentation compiler with project's scala-library version: 3.3.3
2024.06.16 22:04:42 INFO  no build target found for D:\UCSC\Year 2\Semester 1\Functional Programming\Scala\Practical1\src\main\scala\DiskAreaCalculator.scala. Using presentation compiler with project's scala-library version: 3.3.3
2024.06.16 22:04:44 INFO  no build target found for D:\UCSC\Year 2\Semester 1\Functional Programming\Scala\Practical1\src\main\scala\DiskAreaCalculator.scala. Using presentation compiler with project's scala-library version: 3.3.3
2024.06.16 22:04:45 INFO  no build target found for D:\UCSC\Year 2\Semester 1\Functional Programming\Scala\Practical1\src\main\scala\DiskAreaCalculator.scala. Using presentation compiler with project's scala-library version: 3.3.3
2024.06.16 22:04:45 INFO  no build target found for D:\UCSC\Year 2\Semester 1\Functional Programming\Scala\Practical1\src\main\scala\DiskAreaCalculator.scala. Using presentation compiler with project's scala-library version: 3.3.3
2024.06.16 22:04:50 WARN  no build target for: D:\UCSC\Year 2\Semester 1\Functional Programming\Scala\Practical1\src\main\scala\DiskAreaCalculator.scala
2024.06.16 22:04:50 INFO  no build target found for D:\UCSC\Year 2\Semester 1\Functional Programming\Scala\Practical1\src\main\scala\DiskAreaCalculator.scala. Using presentation compiler with project's scala-library version: 3.3.3
2024.06.16 22:04:50 INFO  no build target found for D:\UCSC\Year 2\Semester 1\Functional Programming\Scala\Practical1\src\main\scala\DiskAreaCalculator.scala. Using presentation compiler with project's scala-library version: 3.3.3
2024.06.16 22:04:52 INFO  no build target found for D:\UCSC\Year 2\Semester 1\Functional Programming\Scala\Practical1\src\main\scala\DiskAreaCalculator.scala. Using presentation compiler with project's scala-library version: 3.3.3
2024.06.16 22:04:54 WARN  no build target for: D:\UCSC\Year 2\Semester 1\Functional Programming\Scala\Practical1\src\main\scala\DiskAreaCalculator.scala
2024.06.16 22:04:54 INFO  no build target found for D:\UCSC\Year 2\Semester 1\Functional Programming\Scala\Practical1\src\main\scala\DiskAreaCalculator.scala. Using presentation compiler with project's scala-library version: 3.3.3
2024.06.16 22:04:54 INFO  no build target found for D:\UCSC\Year 2\Semester 1\Functional Programming\Scala\Practical1\src\main\scala\DiskAreaCalculator.scala. Using presentation compiler with project's scala-library version: 3.3.3
2024.06.16 22:04:56 INFO  no build target found for D:\UCSC\Year 2\Semester 1\Functional Programming\Scala\Practical1\src\main\scala\DiskAreaCalculator.scala. Using presentation compiler with project's scala-library version: 3.3.3
2024.06.16 22:04:56 INFO  no build target found for D:\UCSC\Year 2\Semester 1\Functional Programming\Scala\Practical1\src\main\scala\DiskAreaCalculator.scala. Using presentation compiler with project's scala-library version: 3.3.3
2024.06.16 22:04:57 INFO  no build target found for D:\UCSC\Year 2\Semester 1\Functional Programming\Scala\Practical1\src\main\scala\DiskAreaCalculator.scala. Using presentation compiler with project's scala-library version: 3.3.3
2024.06.16 22:04:57 INFO  no build target found for D:\UCSC\Year 2\Semester 1\Functional Programming\Scala\Practical1\src\main\scala\DiskAreaCalculator.scala. Using presentation compiler with project's scala-library version: 3.3.3
2024.06.16 22:05:00 INFO  no build target found for D:\UCSC\Year 2\Semester 1\Functional Programming\Scala\Practical1\src\main\scala\DiskAreaCalculator.scala. Using presentation compiler with project's scala-library version: 3.3.3
2024.06.16 22:05:00 INFO  no build target found for D:\UCSC\Year 2\Semester 1\Functional Programming\Scala\Practical1\src\main\scala\DiskAreaCalculator.scala. Using presentation compiler with project's scala-library version: 3.3.3
2024.06.16 22:05:01 INFO  no build target found for D:\UCSC\Year 2\Semester 1\Functional Programming\Scala\Practical1\src\main\scala\DiskAreaCalculator.scala. Using presentation compiler with project's scala-library version: 3.3.3
2024.06.16 22:05:07 INFO  no build target found for D:\UCSC\Year 2\Semester 1\Functional Programming\Scala\Practical1\src\main\scala\DiskAreaCalculator.scala. Using presentation compiler with project's scala-library version: 3.3.3
2024.06.16 22:05:07 INFO  no build target found for D:\UCSC\Year 2\Semester 1\Functional Programming\Scala\Practical1\src\main\scala\DiskAreaCalculator.scala. Using presentation compiler with project's scala-library version: 3.3.3
2024.06.16 22:05:07 INFO  no build target found for D:\UCSC\Year 2\Semester 1\Functional Programming\Scala\Practical1\src\main\scala\DiskAreaCalculator.scala. Using presentation compiler with project's scala-library version: 3.3.3
2024.06.16 22:05:09 INFO  no build target found for D:\UCSC\Year 2\Semester 1\Functional Programming\Scala\Practical1\src\main\scala\DiskAreaCalculator.scala. Using presentation compiler with project's scala-library version: 3.3.3
2024.06.16 22:05:09 INFO  no build target found for D:\UCSC\Year 2\Semester 1\Functional Programming\Scala\Practical1\src\main\scala\DiskAreaCalculator.scala. Using presentation compiler with project's scala-library version: 3.3.3
Jun 16, 2024 10:05:09 PM org.eclipse.lsp4j.jsonrpc.RemoteEndpoint handleCancellation
WARNING: Unmatched cancel notification for request id 69
2024.06.16 22:05:09 INFO  no build target found for D:\UCSC\Year 2\Semester 1\Functional Programming\Scala\Practical1\src\main\scala\DiskAreaCalculator.scala. Using presentation compiler with project's scala-library version: 3.3.3
2024.06.16 22:05:10 WARN  no build target for: D:\UCSC\Year 2\Semester 1\Functional Programming\Scala\Practical1\src\main\scala\DiskAreaCalculator.scala
2024.06.16 22:05:10 INFO  no build target found for D:\UCSC\Year 2\Semester 1\Functional Programming\Scala\Practical1\src\main\scala\DiskAreaCalculator.scala. Using presentation compiler with project's scala-library version: 3.3.3
2024.06.16 22:05:10 INFO  no build target found for D:\UCSC\Year 2\Semester 1\Functional Programming\Scala\Practical1\src\main\scala\DiskAreaCalculator.scala. Using presentation compiler with project's scala-library version: 3.3.3
2024.06.16 22:05:12 INFO  no build target found for D:\UCSC\Year 2\Semester 1\Functional Programming\Scala\Practical1\src\main\scala\DiskAreaCalculator.scala. Using presentation compiler with project's scala-library version: 3.3.3
2024.06.16 22:05:13 WARN  no build target for: D:\UCSC\Year 2\Semester 1\Functional Programming\Scala\Practical1\src\main\scala\DiskAreaCalculator.scala
2024.06.16 22:05:13 INFO  no build target found for D:\UCSC\Year 2\Semester 1\Functional Programming\Scala\Practical1\src\main\scala\DiskAreaCalculator.scala. Using presentation compiler with project's scala-library version: 3.3.3
2024.06.16 22:05:13 INFO  no build target found for D:\UCSC\Year 2\Semester 1\Functional Programming\Scala\Practical1\src\main\scala\DiskAreaCalculator.scala. Using presentation compiler with project's scala-library version: 3.3.3
2024.06.16 22:05:17 INFO  no build target found for D:\UCSC\Year 2\Semester 1\Functional Programming\Scala\Practical1\src\main\scala\DiskAreaCalculator.scala. Using presentation compiler with project's scala-library version: 3.3.3
2024.06.16 22:05:17 INFO  no build target found for D:\UCSC\Year 2\Semester 1\Functional Programming\Scala\Practical1\src\main\scala\DiskAreaCalculator.scala. Using presentation compiler with project's scala-library version: 3.3.3
2024.06.16 22:05:17 INFO  no build target found for D:\UCSC\Year 2\Semester 1\Functional Programming\Scala\Practical1\src\main\scala\DiskAreaCalculator.scala. Using presentation compiler with project's scala-library version: 3.3.3
2024.06.16 22:05:17 INFO  no build target found for D:\UCSC\Year 2\Semester 1\Functional Programming\Scala\Practical1\src\main\scala\DiskAreaCalculator.scala. Using presentation compiler with project's scala-library version: 3.3.3
2024.06.16 22:05:18 INFO  no build target found for D:\UCSC\Year 2\Semester 1\Functional Programming\Scala\Practical1\src\main\scala\DiskAreaCalculator.scala. Using presentation compiler with project's scala-library version: 3.3.3
2024.06.16 22:05:18 INFO  no build target found for D:\UCSC\Year 2\Semester 1\Functional Programming\Scala\Practical1\src\main\scala\DiskAreaCalculator.scala. Using presentation compiler with project's scala-library version: 3.3.3
2024.06.16 22:05:18 INFO  no build target found for D:\UCSC\Year 2\Semester 1\Functional Programming\Scala\Practical1\src\main\scala\DiskAreaCalculator.scala. Using presentation compiler with project's scala-library version: 3.3.3
2024.06.16 22:05:18 INFO  no build target found for D:\UCSC\Year 2\Semester 1\Functional Programming\Scala\Practical1\src\main\scala\DiskAreaCalculator.scala. Using presentation compiler with project's scala-library version: 3.3.3
2024.06.16 22:05:20 INFO  no build target found for D:\UCSC\Year 2\Semester 1\Functional Programming\Scala\Practical1\src\main\scala\DiskAreaCalculator.scala. Using presentation compiler with project's scala-library version: 3.3.3
2024.06.16 22:05:20 INFO  no build target found for D:\UCSC\Year 2\Semester 1\Functional Programming\Scala\Practical1\src\main\scala\DiskAreaCalculator.scala. Using presentation compiler with project's scala-library version: 3.3.3
2024.06.16 22:05:21 INFO  no build target found for D:\UCSC\Year 2\Semester 1\Functional Programming\Scala\Practical1\src\main\scala\DiskAreaCalculator.scala. Using presentation compiler with project's scala-library version: 3.3.3
2024.06.16 22:05:21 INFO  no build target found for D:\UCSC\Year 2\Semester 1\Functional Programming\Scala\Practical1\src\main\scala\DiskAreaCalculator.scala. Using presentation compiler with project's scala-library version: 3.3.3
2024.06.16 22:05:22 WARN  no build target for: D:\UCSC\Year 2\Semester 1\Functional Programming\Scala\Practical1\src\main\scala\DiskAreaCalculator.scala
2024.06.16 22:05:22 INFO  no build target found for D:\UCSC\Year 2\Semester 1\Functional Programming\Scala\Practical1\src\main\scala\DiskAreaCalculator.scala. Using presentation compiler with project's scala-library version: 3.3.3
2024.06.16 22:05:21 INFO  no build target found for D:\UCSC\Year 2\Semester 1\Functional Programming\Scala\Practical1\src\main\scala\DiskAreaCalculator.scala. Using presentation compiler with project's scala-library version: 3.3.3
2024.06.16 22:05:22 INFO  no build target found for D:\UCSC\Year 2\Semester 1\Functional Programming\Scala\Practical1\src\main\scala\DiskAreaCalculator.scala. Using presentation compiler with project's scala-library version: 3.3.3
2024.06.16 22:05:23 WARN  no build target for: D:\UCSC\Year 2\Semester 1\Functional Programming\Scala\Practical1\src\main\scala\DiskAreaCalculator.scala
2024.06.16 22:05:23 INFO  no build target found for D:\UCSC\Year 2\Semester 1\Functional Programming\Scala\Practical1\src\main\scala\DiskAreaCalculator.scala. Using presentation compiler with project's scala-library version: 3.3.3
2024.06.16 22:05:23 INFO  no build target found for D:\UCSC\Year 2\Semester 1\Functional Programming\Scala\Practical1\src\main\scala\DiskAreaCalculator.scala. Using presentation compiler with project's scala-library version: 3.3.3
2024.06.16 22:05:23 INFO  no build target found for D:\UCSC\Year 2\Semester 1\Functional Programming\Scala\Practical1\src\main\scala\DiskAreaCalculator.scala. Using presentation compiler with project's scala-library version: 3.3.3
2024.06.16 22:05:24 INFO  no build target found for D:\UCSC\Year 2\Semester 1\Functional Programming\Scala\Practical1\src\main\scala\DiskAreaCalculator.scala. Using presentation compiler with project's scala-library version: 3.3.3
2024.06.16 22:05:23 INFO  no build target found for D:\UCSC\Year 2\Semester 1\Functional Programming\Scala\Practical1\src\main\scala\DiskAreaCalculator.scala. Using presentation compiler with project's scala-library version: 3.3.3
2024.06.16 22:05:23 INFO  no build target found for D:\UCSC\Year 2\Semester 1\Functional Programming\Scala\Practical1\src\main\scala\DiskAreaCalculator.scala. Using presentation compiler with project's scala-library version: 3.3.3
2024.06.16 22:05:24 INFO  no build target found for D:\UCSC\Year 2\Semester 1\Functional Programming\Scala\Practical1\src\main\scala\DiskAreaCalculator.scala. Using presentation compiler with project's scala-library version: 3.3.3
2024.06.16 22:05:23 INFO  no build target found for D:\UCSC\Year 2\Semester 1\Functional Programming\Scala\Practical1\src\main\scala\DiskAreaCalculator.scala. Using presentation compiler with project's scala-library version: 3.3.3
2024.06.16 22:05:25 INFO  no build target found for D:\UCSC\Year 2\Semester 1\Functional Programming\Scala\Practical1\src\main\scala\DiskAreaCalculator.scala. Using presentation compiler with project's scala-library version: 3.3.3
2024.06.16 22:05:25 INFO  no build target found for D:\UCSC\Year 2\Semester 1\Functional Programming\Scala\Practical1\src\main\scala\DiskAreaCalculator.scala. Using presentation compiler with project's scala-library version: 3.3.3
2024.06.16 22:05:25 INFO  no build target found for D:\UCSC\Year 2\Semester 1\Functional Programming\Scala\Practical1\src\main\scala\DiskAreaCalculator.scala. Using presentation compiler with project's scala-library version: 3.3.3
2024.06.16 22:05:25 INFO  no build target found for D:\UCSC\Year 2\Semester 1\Functional Programming\Scala\Practical1\src\main\scala\DiskAreaCalculator.scala. Using presentation compiler with project's scala-library version: 3.3.3
2024.06.16 22:05:25 INFO  no build target found for D:\UCSC\Year 2\Semester 1\Functional Programming\Scala\Practical1\src\main\scala\DiskAreaCalculator.scala. Using presentation compiler with project's scala-library version: 3.3.3
2024.06.16 22:05:25 INFO  no build target found for D:\UCSC\Year 2\Semester 1\Functional Programming\Scala\Practical1\src\main\scala\DiskAreaCalculator.scala. Using presentation compiler with project's scala-library version: 3.3.3
2024.06.16 22:05:25 INFO  no build target found for D:\UCSC\Year 2\Semester 1\Functional Programming\Scala\Practical1\src\main\scala\DiskAreaCalculator.scala. Using presentation compiler with project's scala-library version: 3.3.3
2024.06.16 22:05:26 WARN  no build target for: D:\UCSC\Year 2\Semester 1\Functional Programming\Scala\Practical1\src\main\scala\DiskAreaCalculator.scala
2024.06.16 22:05:26 INFO  no build target found for D:\UCSC\Year 2\Semester 1\Functional Programming\Scala\Practical1\src\main\scala\DiskAreaCalculator.scala. Using presentation compiler with project's scala-library version: 3.3.3
2024.06.16 22:05:26 INFO  no build target found for D:\UCSC\Year 2\Semester 1\Functional Programming\Scala\Practical1\src\main\scala\DiskAreaCalculator.scala. Using presentation compiler with project's scala-library version: 3.3.3
2024.06.16 22:05:27 INFO  no build target found for D:\UCSC\Year 2\Semester 1\Functional Programming\Scala\Practical1\src\main\scala\DiskAreaCalculator.scala. Using presentation compiler with project's scala-library version: 3.3.3
2024.06.16 22:05:28 INFO  no build target found for D:\UCSC\Year 2\Semester 1\Functional Programming\Scala\Practical1\src\main\scala\DiskAreaCalculator.scala. Using presentation compiler with project's scala-library version: 3.3.3
2024.06.16 22:05:28 INFO  no build target found for D:\UCSC\Year 2\Semester 1\Functional Programming\Scala\Practical1\src\main\scala\DiskAreaCalculator.scala. Using presentation compiler with project's scala-library version: 3.3.3
2024.06.16 22:05:28 INFO  no build target found for D:\UCSC\Year 2\Semester 1\Functional Programming\Scala\Practical1\src\main\scala\DiskAreaCalculator.scala. Using presentation compiler with project's scala-library version: 3.3.3
2024.06.16 22:05:45 INFO  no build target found for D:\UCSC\Year 2\Semester 1\Functional Programming\Scala\Practical1\src\main\scala\DiskAreaCalculator.scala. Using presentation compiler with project's scala-library version: 3.3.3
Jun 16, 2024 10:05:45 PM org.eclipse.lsp4j.jsonrpc.RemoteEndpoint handleCancellation
WARNING: Unmatched cancel notification for request id 179
2024.06.16 22:05:45 INFO  no build target found for D:\UCSC\Year 2\Semester 1\Functional Programming\Scala\Practical1\src\main\scala\DiskAreaCalculator.scala. Using presentation compiler with project's scala-library version: 3.3.3
2024.06.16 22:05:46 INFO  no build target found for D:\UCSC\Year 2\Semester 1\Functional Programming\Scala\Practical1\src\main\scala\DiskAreaCalculator.scala. Using presentation compiler with project's scala-library version: 3.3.3
2024.06.16 22:05:56 INFO  no build target found for D:\UCSC\Year 2\Semester 1\Functional Programming\Scala\Practical1\src\main\scala\DiskAreaCalculator.scala. Using presentation compiler with project's scala-library version: 3.3.3
Jun 16, 2024 10:05:56 PM org.eclipse.lsp4j.jsonrpc.RemoteEndpoint handleCancellation
WARNING: Unmatched cancel notification for request id 188
2024.06.16 22:05:56 INFO  no build target found for D:\UCSC\Year 2\Semester 1\Functional Programming\Scala\Practical1\src\main\scala\DiskAreaCalculator.scala. Using presentation compiler with project's scala-library version: 3.3.3
2024.06.16 22:05:56 INFO  no build target found for D:\UCSC\Year 2\Semester 1\Functional Programming\Scala\Practical1\src\main\scala\DiskAreaCalculator.scala. Using presentation compiler with project's scala-library version: 3.3.3
2024.06.16 22:05:59 INFO  no build target found for D:\UCSC\Year 2\Semester 1\Functional Programming\Scala\Practical1\src\main\scala\DiskAreaCalculator.scala. Using presentation compiler with project's scala-library version: 3.3.3
Jun 16, 2024 10:05:59 PM org.eclipse.lsp4j.jsonrpc.RemoteEndpoint handleCancellation
WARNING: Unmatched cancel notification for request id 197
2024.06.16 22:05:59 INFO  no build target found for D:\UCSC\Year 2\Semester 1\Functional Programming\Scala\Practical1\src\main\scala\DiskAreaCalculator.scala. Using presentation compiler with project's scala-library version: 3.3.3
2024.06.16 22:06:00 INFO  no build target found for D:\UCSC\Year 2\Semester 1\Functional Programming\Scala\Practical1\src\main\scala\DiskAreaCalculator.scala. Using presentation compiler with project's scala-library version: 3.3.3
2024.06.16 22:06:03 INFO  no build target found for D:\UCSC\Year 2\Semester 1\Functional Programming\Scala\Practical1\src\main\scala\DiskAreaCalculator.scala. Using presentation compiler with project's scala-library version: 3.3.3
Jun 16, 2024 10:06:03 PM org.eclipse.lsp4j.jsonrpc.RemoteEndpoint handleCancellation
WARNING: Unmatched cancel notification for request id 206
2024.06.16 22:06:03 INFO  no build target found for D:\UCSC\Year 2\Semester 1\Functional Programming\Scala\Practical1\src\main\scala\DiskAreaCalculator.scala. Using presentation compiler with project's scala-library version: 3.3.3
2024.06.16 22:06:04 INFO  no build target found for D:\UCSC\Year 2\Semester 1\Functional Programming\Scala\Practical1\src\main\scala\DiskAreaCalculator.scala. Using presentation compiler with project's scala-library version: 3.3.3
2024.06.16 22:06:17 INFO  no build target found for d:\UCSC\Year 2\Semester 1\Functional Programming\Scala\Practical1\src\main\scala\DiskAreaCalculator.scala. Using presentation compiler with project's scala-library version: 3.3.3
2024.06.16 22:06:17 INFO  no build target found for D:\UCSC\Year 2\Semester 1\Functional Programming\Scala\Practical1\src\main\scala\Q1.scala. Using presentation compiler with project's scala-library version: 3.3.3
2024.06.16 22:08:26 INFO  Shutting down server
2024.06.16 22:08:26 INFO  shutting down Metals
2024.06.16 22:08:26 INFO  Exiting server
